TN:
SF:contracts/NEBAToken.sol
DA:59,35
FN:59,NEBAToken.constructor
FNDA:35,NEBAToken.constructor
DA:60,35
DA:63,11
FN:63,NEBAToken.onlyPausers
FNDA:11,NEBAToken.onlyPausers
DA:65,11
DA:66,3
DA:67,1
BRDA:67,0,0,1
DA:68,1
DA:85,35
FN:85,NEBAToken.initialize
FNDA:35,NEBAToken.initialize
DA:90,34
BRDA:90,1,0,1
DA:92,33
DA:93,33
DA:94,33
DA:95,33
DA:96,33
DA:97,33
DA:99,33
DA:100,33
DA:101,33
DA:102,33
DA:103,33
DA:105,33
DA:112,11
FN:112,NEBAToken.pause
FNDA:11,NEBAToken.pause
DA:113,9
DA:114,9
DA:121,5
FN:121,NEBAToken.unpause
FNDA:5,NEBAToken.unpause
DA:122,2
DA:123,2
DA:131,2
FN:131,NEBAToken._authorizeUpgrade
FNDA:2,NEBAToken._authorizeUpgrade
DA:140,14
FN:140,NEBAToken.addToBlocklistBatch
FNDA:14,NEBAToken.addToBlocklistBatch
DA:143,12
DA:144,12
DA:145,14
DA:146,14
BRDA:146,2,0,1
DA:147,1
BRDA:147,3,0,1
DA:149,12
DA:150,12
DA:153,12
DA:162,6
FN:162,NEBAToken.removeFromBlocklistBatch
FNDA:6,NEBAToken.removeFromBlocklistBatch
DA:165,4
DA:167,4
DA:168,5
DA:169,5
BRDA:169,4,0,1
DA:170,4
BRDA:170,5,0,1
DA:172,3
DA:173,3
DA:176,3
DA:186,4
FN:186,NEBAToken.isBlocklisted
FNDA:4,NEBAToken.isBlocklisted
DA:187,4
DA:197,46
FN:197,NEBAToken._update
FNDA:46,NEBAToken._update
DA:206,45
BRDA:206,6,0,1
DA:207,1
DA:209,44
BRDA:209,7,0,1
DA:210,1
DA:213,43
DA:221,3
FN:221,NEBAToken.nonces
FNDA:3,NEBAToken.nonces
DA:232,3
DA:241,12
FN:241,NEBAToken._approve
FNDA:12,NEBAToken._approve
DA:247,2
BRDA:247,8,0,2
DA:248,2
BRDA:248,9,0,2
DA:249,7
FNF:12
FNH:12
LF:60
LH:60
BRF:10
BRH:10
end_of_record
