TN:
SF:contracts/NEBAToken.sol
DA:72,70
FN:72,NEBAToken.constructor
FNDA:70,NEBAToken.constructor
DA:73,70
DA:76,1568
FN:76,NEBAToken.onlyPausers
FNDA:1568,NEBAToken.onlyPausers
DA:78,1568
DA:79,523
DA:80,260
BRDA:80,0,0,260
DA:81,260
DA:99,69
FN:99,NEBAToken.initialize
FNDA:69,NEBAToken.initialize
DA:105,68
BRDA:105,1,0,1
DA:106,67
BRDA:106,2,0,1
DA:107,66
BRDA:107,3,0,1
DA:108,65
BRDA:108,4,0,-
DA:110,65
DA:111,65
DA:112,65
DA:113,65
DA:114,65
DA:115,65
DA:117,65
DA:118,65
DA:119,65
DA:120,65
DA:121,65
DA:123,65
DA:124,65
DA:130,65
DA:131,65
DA:142,1568
FN:142,NEBAToken.pause
FNDA:1568,NEBAToken.pause
DA:143,1307
DA:144,1307
DA:151,267
FN:151,NEBAToken.unpause
FNDA:267,NEBAToken.unpause
DA:152,263
DA:153,263
DA:161,3
FN:161,NEBAToken._authorizeUpgrade
FNDA:3,NEBAToken._authorizeUpgrade
DA:170,1565
FN:170,NEBAToken.addToBlocklistBatch
FNDA:1565,NEBAToken.addToBlocklistBatch
DA:173,1563
DA:174,1563
DA:175,14299
DA:176,14299
BRDA:176,5,0,1
DA:177,1
BRDA:177,6,0,1
DA:179,14297
DA:180,14297
DA:183,14297
DA:192,262
FN:192,NEBAToken.removeFromBlocklistBatch
FNDA:262,NEBAToken.removeFromBlocklistBatch
DA:195,260
DA:197,260
DA:198,6628
DA:199,6628
BRDA:199,7,0,1
DA:200,6627
BRDA:200,8,0,1
DA:202,6626
DA:203,6626
DA:206,6626
DA:216,23256
FN:216,NEBAToken.isBlocklisted
FNDA:23256,NEBAToken.isBlocklisted
DA:217,23256
DA:227,1707
FN:227,NEBAToken._update
FNDA:1707,NEBAToken._update
DA:236,1446
BRDA:236,9,0,262
DA:237,262
DA:239,1184
BRDA:239,10,0,261
DA:240,261
DA:243,923
DA:251,780
FN:251,NEBAToken.nonces
FNDA:780,NEBAToken.nonces
DA:254,780
DA:263,1826
FN:263,NEBAToken._approve
FNDA:1826,NEBAToken._approve
DA:269,261
BRDA:269,11,0,261
DA:270,261
BRDA:270,12,0,261
DA:271,1043
FNF:12
FNH:12
LF:66
LH:66
BRF:13
BRH:12
end_of_record
TN:
SF:script/NEBAToken.s.sol
DA:17,0
FN:17,DeployNEBAToken.setUp
FNDA:0,DeployNEBAToken.setUp
DA:18,0
DA:19,0
DA:20,0
DA:22,0
BRDA:22,0,0,-
BRDA:22,0,1,-
DA:23,0
BRDA:23,1,0,-
BRDA:23,1,1,-
DA:24,0
BRDA:24,2,0,-
BRDA:24,2,1,-
DA:27,0
FN:27,DeployNEBAToken.run
FNDA:0,DeployNEBAToken.run
DA:28,0
DA:29,0
DA:31,0
DA:32,0
DA:33,0
DA:34,0
DA:36,0
DA:38,0
DA:39,0
DA:41,0
DA:42,0
DA:44,0
DA:45,0
DA:47,0
DA:48,0
DA:49,0
DA:50,0
DA:51,0
DA:53,0
DA:54,0
DA:55,0
DA:56,0
DA:57,0
DA:59,0
DA:60,0
DA:61,0
DA:62,0
DA:63,0
DA:64,0
DA:66,0
DA:68,0
DA:69,0
DA:70,0
DA:71,0
FNF:2
FNH:0
LF:42
LH:0
BRF:6
BRH:0
end_of_record
